TN:
SF:server/routes.ts
FN:12,registerRoutes
FN:14,(anonymous_9)
FN:14,(anonymous_10)
FN:23,(anonymous_11)
FN:23,(anonymous_12)
FN:37,(anonymous_13)
FN:37,(anonymous_14)
FN:54,(anonymous_15)
FN:54,(anonymous_16)
FN:67,(anonymous_17)
FN:67,(anonymous_18)
FN:80,(anonymous_19)
FN:80,(anonymous_20)
FN:97,(anonymous_21)
FN:97,(anonymous_22)
FN:111,(anonymous_23)
FN:111,(anonymous_24)
FN:120,(anonymous_25)
FN:120,(anonymous_26)
FN:133,(anonymous_27)
FN:133,(anonymous_28)
FN:146,(anonymous_29)
FN:146,(anonymous_30)
FN:166,(anonymous_31)
FN:166,(anonymous_32)
FN:176,(anonymous_33)
FN:176,(anonymous_34)
FN:186,(anonymous_35)
FN:186,(anonymous_36)
FN:197,(anonymous_37)
FN:197,(anonymous_38)
FN:206,(anonymous_39)
FN:206,(anonymous_40)
FN:215,(anonymous_41)
FN:215,(anonymous_42)
FN:228,(anonymous_43)
FN:228,(anonymous_44)
FN:241,(anonymous_45)
FN:241,(anonymous_46)
FN:258,(anonymous_47)
FN:258,(anonymous_48)
FN:278,(anonymous_49)
FN:278,(anonymous_50)
FN:287,(anonymous_51)
FN:287,(anonymous_52)
FN:300,(anonymous_53)
FN:300,(anonymous_54)
FN:313,(anonymous_55)
FN:313,(anonymous_56)
FN:330,(anonymous_57)
FN:330,(anonymous_58)
FNF:51
FNH:0
FNDA:0,registerRoutes
FNDA:0,(anonymous_9)
FNDA:0,(anonymous_10)
FNDA:0,(anonymous_11)
FNDA:0,(anonymous_12)
FNDA:0,(anonymous_13)
FNDA:0,(anonymous_14)
FNDA:0,(anonymous_15)
FNDA:0,(anonymous_16)
FNDA:0,(anonymous_17)
FNDA:0,(anonymous_18)
FNDA:0,(anonymous_19)
FNDA:0,(anonymous_20)
FNDA:0,(anonymous_21)
FNDA:0,(anonymous_22)
FNDA:0,(anonymous_23)
FNDA:0,(anonymous_24)
FNDA:0,(anonymous_25)
FNDA:0,(anonymous_26)
FNDA:0,(anonymous_27)
FNDA:0,(anonymous_28)
FNDA:0,(anonymous_29)
FNDA:0,(anonymous_30)
FNDA:0,(anonymous_31)
FNDA:0,(anonymous_32)
FNDA:0,(anonymous_33)
FNDA:0,(anonymous_34)
FNDA:0,(anonymous_35)
FNDA:0,(anonymous_36)
FNDA:0,(anonymous_37)
FNDA:0,(anonymous_38)
FNDA:0,(anonymous_39)
FNDA:0,(anonymous_40)
FNDA:0,(anonymous_41)
FNDA:0,(anonymous_42)
FNDA:0,(anonymous_43)
FNDA:0,(anonymous_44)
FNDA:0,(anonymous_45)
FNDA:0,(anonymous_46)
FNDA:0,(anonymous_47)
FNDA:0,(anonymous_48)
FNDA:0,(anonymous_49)
FNDA:0,(anonymous_50)
FNDA:0,(anonymous_51)
FNDA:0,(anonymous_52)
FNDA:0,(anonymous_53)
FNDA:0,(anonymous_54)
FNDA:0,(anonymous_55)
FNDA:0,(anonymous_56)
FNDA:0,(anonymous_57)
FNDA:0,(anonymous_58)
DA:2,0
DA:3,0
DA:4,0
DA:5,0
DA:7,0
DA:12,0
DA:14,0
DA:15,0
DA:16,0
DA:17,0
DA:19,0
DA:23,0
DA:24,0
DA:25,0
DA:26,0
DA:27,0
DA:28,0
DA:30,0
DA:32,0
DA:37,0
DA:38,0
DA:39,0
DA:42,0
DA:43,0
DA:45,0
DA:48,0
DA:50,0
DA:54,0
DA:55,0
DA:56,0
DA:57,0
DA:58,0
DA:59,0
DA:61,0
DA:63,0
DA:67,0
DA:68,0
DA:69,0
DA:70,0
DA:71,0
DA:73,0
DA:74,0
DA:76,0
DA:80,0
DA:81,0
DA:82,0
DA:83,0
DA:84,0
DA:85,0
DA:86,0
DA:88,0
DA:90,0
DA:91,0
DA:93,0
DA:97,0
DA:98,0
DA:99,0
DA:100,0
DA:101,0
DA:102,0
DA:104,0
DA:106,0
DA:111,0
DA:112,0
DA:113,0
DA:114,0
DA:116,0
DA:120,0
DA:121,0
DA:122,0
DA:123,0
DA:124,0
DA:125,0
DA:127,0
DA:129,0
DA:133,0
DA:134,0
DA:135,0
DA:136,0
DA:137,0
DA:139,0
DA:140,0
DA:142,0
DA:146,0
DA:147,0
DA:148,0
DA:149,0
DA:151,0
DA:152,0
DA:155,0
DA:156,0
DA:157,0
DA:159,0
DA:161,0
DA:166,0
DA:167,0
DA:168,0
DA:169,0
DA:171,0
DA:176,0
DA:177,0
DA:178,0
DA:179,0
DA:180,0
DA:182,0
DA:186,0
DA:187,0
DA:188,0
DA:189,0
DA:190,0
DA:192,0
DA:197,0
DA:198,0
DA:199,0
DA:200,0
DA:202,0
DA:206,0
DA:207,0
DA:208,0
DA:209,0
DA:211,0
DA:215,0
DA:216,0
DA:217,0
DA:218,0
DA:219,0
DA:220,0
DA:222,0
DA:224,0
DA:228,0
DA:229,0
DA:230,0
DA:231,0
DA:232,0
DA:234,0
DA:235,0
DA:237,0
DA:241,0
DA:242,0
DA:243,0
DA:244,0
DA:245,0
DA:246,0
DA:247,0
DA:249,0
DA:251,0
DA:252,0
DA:254,0
DA:258,0
DA:259,0
DA:260,0
DA:261,0
DA:263,0
DA:264,0
DA:267,0
DA:268,0
DA:269,0
DA:271,0
DA:273,0
DA:278,0
DA:279,0
DA:280,0
DA:281,0
DA:283,0
DA:287,0
DA:288,0
DA:289,0
DA:290,0
DA:291,0
DA:292,0
DA:294,0
DA:296,0
DA:300,0
DA:301,0
DA:302,0
DA:303,0
DA:304,0
DA:306,0
DA:307,0
DA:309,0
DA:313,0
DA:314,0
DA:315,0
DA:316,0
DA:317,0
DA:318,0
DA:319,0
DA:321,0
DA:323,0
DA:324,0
DA:326,0
DA:330,0
DA:331,0
DA:332,0
DA:333,0
DA:334,0
DA:335,0
DA:337,0
DA:339,0
DA:343,0
DA:344,0
LF:201
LH:0
BRDA:27,0,0,0
BRDA:27,0,1,0
BRDA:42,1,0,0
BRDA:42,1,1,0
BRDA:42,2,0,0
BRDA:42,2,1,0
BRDA:58,3,0,0
BRDA:58,3,1,0
BRDA:73,4,0,0
BRDA:73,4,1,0
BRDA:85,5,0,0
BRDA:85,5,1,0
BRDA:90,6,0,0
BRDA:90,6,1,0
BRDA:101,7,0,0
BRDA:101,7,1,0
BRDA:124,8,0,0
BRDA:124,8,1,0
BRDA:139,9,0,0
BRDA:139,9,1,0
BRDA:151,10,0,0
BRDA:151,10,1,0
BRDA:156,11,0,0
BRDA:156,11,1,0
BRDA:178,12,0,0
BRDA:178,12,1,0
BRDA:188,13,0,0
BRDA:188,13,1,0
BRDA:219,14,0,0
BRDA:219,14,1,0
BRDA:234,15,0,0
BRDA:234,15,1,0
BRDA:246,16,0,0
BRDA:246,16,1,0
BRDA:251,17,0,0
BRDA:251,17,1,0
BRDA:263,18,0,0
BRDA:263,18,1,0
BRDA:268,19,0,0
BRDA:268,19,1,0
BRDA:291,20,0,0
BRDA:291,20,1,0
BRDA:306,21,0,0
BRDA:306,21,1,0
BRDA:318,22,0,0
BRDA:318,22,1,0
BRDA:323,23,0,0
BRDA:323,23,1,0
BRDA:334,24,0,0
BRDA:334,24,1,0
BRF:50
BRH:0
end_of_record
TN:
SF:server/storage.ts
FN:81,(anonymous_7)
FN:98,(anonymous_8)
FN:139,(anonymous_9)
FN:176,(anonymous_10)
FN:277,(anonymous_11)
FN:283,(anonymous_12)
FN:287,(anonymous_14)
FN:291,(anonymous_16)
FN:298,(anonymous_18)
FN:302,(anonymous_20)
FN:306,(anonymous_22)
FN:307,(anonymous_24)
FN:310,(anonymous_25)
FN:317,(anonymous_27)
FN:326,(anonymous_29)
FN:330,(anonymous_31)
FN:339,(anonymous_33)
FN:343,(anonymous_35)
FN:348,(anonymous_37)
FN:349,(anonymous_38)
FN:360,(anonymous_39)
FN:395,(anonymous_41)
FN:404,(anonymous_43)
FN:409,(anonymous_45)
FN:410,(anonymous_46)
FN:412,(anonymous_47)
FN:423,(anonymous_48)
FN:423,(anonymous_49)
FN:425,(anonymous_50)
FN:426,(anonymous_51)
FN:440,(anonymous_52)
FN:451,(anonymous_53)
FN:458,(anonymous_54)
FN:458,(anonymous_55)
FN:462,(anonymous_56)
FN:484,(anonymous_57)
FN:489,(anonymous_58)
FN:493,(anonymous_60)
FN:497,(anonymous_62)
FN:508,(anonymous_64)
FN:517,(anonymous_66)
FN:526,(anonymous_68)
FN:531,(anonymous_70)
FN:532,(anonymous_71)
FN:538,(anonymous_72)
FN:542,(anonymous_74)
FN:546,(anonymous_76)
FN:558,(anonymous_78)
FN:571,(anonymous_80)
FNF:49
FNH:18
FNDA:1,(anonymous_7)
FNDA:1,(anonymous_8)
FNDA:4,(anonymous_9)
FNDA:4,(anonymous_10)
FNDA:6,(anonymous_11)
FNDA:0,(anonymous_12)
FNDA:0,(anonymous_14)
FNDA:5,(anonymous_16)
FNDA:0,(anonymous_18)
FNDA:1,(anonymous_20)
FNDA:0,(anonymous_22)
FNDA:0,(anonymous_24)
FNDA:4,(anonymous_25)
FNDA:1,(anonymous_27)
FNDA:1,(anonymous_29)
FNDA:2,(anonymous_31)
FNDA:0,(anonymous_33)
FNDA:0,(anonymous_35)
FNDA:0,(anonymous_37)
FNDA:0,(anonymous_38)
FNDA:2,(anonymous_39)
FNDA:0,(anonymous_41)
FNDA:1,(anonymous_43)
FNDA:1,(anonymous_45)
FNDA:1,(anonymous_46)
FNDA:1,(anonymous_47)
FNDA:0,(anonymous_48)
FNDA:0,(anonymous_49)
FNDA:0,(anonymous_50)
FNDA:0,(anonymous_51)
FNDA:0,(anonymous_52)
FNDA:0,(anonymous_53)
FNDA:0,(anonymous_54)
FNDA:0,(anonymous_55)
FNDA:0,(anonymous_56)
FNDA:0,(anonymous_57)
FNDA:0,(anonymous_58)
FNDA:0,(anonymous_60)
FNDA:2,(anonymous_62)
FNDA:0,(anonymous_64)
FNDA:0,(anonymous_66)
FNDA:0,(anonymous_68)
FNDA:0,(anonymous_70)
FNDA:0,(anonymous_71)
FNDA:0,(anonymous_72)
FNDA:0,(anonymous_74)
FNDA:1,(anonymous_76)
FNDA:0,(anonymous_78)
FNDA:0,(anonymous_80)
DA:67,1
DA:82,1
DA:83,1
DA:84,1
DA:85,1
DA:86,1
DA:87,1
DA:88,1
DA:89,1
DA:90,1
DA:91,1
DA:92,1
DA:93,1
DA:95,1
DA:100,1
DA:139,1
DA:140,4
DA:146,4
DA:149,1
DA:176,1
DA:177,4
DA:178,4
DA:182,1
DA:277,1
DA:278,6
DA:279,6
DA:284,0
DA:288,0
DA:292,5
DA:293,5
DA:294,5
DA:295,5
DA:299,0
DA:303,1
DA:307,0
DA:311,4
DA:312,4
DA:313,4
DA:314,4
DA:318,1
DA:319,1
DA:321,1
DA:322,1
DA:323,1
DA:327,1
DA:331,2
DA:332,2
DA:334,2
DA:335,2
DA:336,2
DA:340,0
DA:344,0
DA:345,0
DA:347,0
DA:348,0
DA:350,0
DA:351,0
DA:357,0
DA:361,2
DA:362,2
DA:367,2
DA:369,2
DA:371,2
DA:372,2
DA:373,2
DA:378,2
DA:380,2
DA:381,2
DA:382,2
DA:388,2
DA:392,2
DA:396,0
DA:397,0
DA:399,0
DA:400,0
DA:401,0
DA:405,1
DA:406,1
DA:408,1
DA:409,1
DA:410,1
DA:412,1
DA:414,1
DA:423,0
DA:424,0
DA:425,0
DA:426,0
DA:428,0
DA:429,0
DA:430,0
DA:433,0
DA:434,0
DA:435,0
DA:436,0
DA:440,0
DA:441,0
DA:442,0
DA:443,0
DA:444,0
DA:451,0
DA:458,0
DA:459,0
DA:460,0
DA:462,0
DA:463,0
DA:464,0
DA:470,0
DA:471,0
DA:472,0
DA:473,0
DA:474,0
DA:483,0
DA:484,0
DA:490,0
DA:494,0
DA:498,2
DA:499,2
DA:504,2
DA:505,2
DA:509,0
DA:510,0
DA:512,0
DA:513,0
DA:514,0
DA:518,0
DA:519,0
DA:521,0
DA:522,0
DA:523,0
DA:527,0
DA:528,0
DA:531,0
DA:532,0
DA:539,0
DA:543,0
DA:547,1
DA:548,1
DA:554,1
DA:555,1
DA:559,0
DA:560,0
DA:562,0
DA:567,0
DA:568,0
DA:572,0
DA:576,1
LF:146
LH:75
BRDA:319,0,0,0
BRDA:319,0,1,1
BRDA:332,1,0,0
BRDA:332,1,1,2
BRDA:345,2,0,0
BRDA:345,2,1,0
BRDA:381,3,0,2
BRDA:381,3,1,0
BRDA:397,4,0,0
BRDA:397,4,1,0
BRDA:423,5,0,0
BRDA:442,6,0,0
BRDA:442,6,1,0
BRDA:458,7,0,0
BRDA:463,8,0,0
BRDA:463,8,1,0
BRDA:473,9,0,0
BRDA:473,9,1,0
BRDA:510,10,0,0
BRDA:510,10,1,0
BRDA:519,11,0,0
BRDA:519,11,1,0
BRDA:560,12,0,0
BRDA:560,12,1,0
BRF:24
BRH:3
end_of_record
